<?xml version="1.0" encoding="UTF-8"?>
<!-- Generated by org.testng.reporters.JUnitReportReporter -->
<testsuite skipped="0" hostname="DESKTOP-PP5FANO" name="com.testng.Sample1" tests="3" failures="0" timestamp="03 Sep 2022 18:12:01 GMT" time="0.012" errors="0">
  <testcase name="m2" time="0.007" classname="com.testng.Sample1"/>
  <testcase name="m3" time="0.002" classname="com.testng.Sample1"/>
  <testcase name="m1" time="0.003" classname="com.testng.Sample1"/>
</testsuite> <!-- com.testng.Sample1 -->
