<?xml version="1.0" encoding="UTF-8"?>
<!-- Generated by org.testng.reporters.JUnitReportReporter -->
<testsuite skipped="1" hostname="DESKTOP-PP5FANO" name="com.testng.Sample" tests="7" failures="0" timestamp="03 Sep 2022 18:12:01 GMT" time="0.049" errors="0">
  <testcase name="m6" time="0.016" classname="com.testng.Sample"/>
  <testcase name="m10" time="0.005" classname="com.testng.Sample"/>
  <testcase name="m7" time="0.007" classname="com.testng.Sample"/>
  <testcase name="m3" time="0.005" classname="com.testng.Sample"/>
  <testcase name="m5" time="0.005" classname="com.testng.Sample"/>
  <testcase name="m4" time="0.011" classname="com.testng.Sample"/>
  <testcase name="m9" classname="com.testng.Sample">
    <skipped/>
  </testcase> <!-- m9 -->
</testsuite> <!-- com.testng.Sample -->
